0 verbose cli /usr/local/bin/node /usr/local/bin/npm
1 info using npm@11.9.0
2 info using node@v24.14.0
3 silly config load:file:/usr/local/lib/node_modules/npm/npmrc
4 silly config load:file:/home/app/assurmoi/.npmrc
5 silly config load:file:/home/app/.npmrc
6 silly config load:file:/usr/local/etc/npmrc
7 verbose title npm run dev
8 verbose argv "run" "dev"
9 verbose logfile logs-max:10 dir:/home/app/.npm/_logs/2026-03-23T09_52_09_267Z-
10 verbose logfile /home/app/.npm/_logs/2026-03-23T09_52_09_267Z-debug-0.log
11 silly logfile done cleaning log files
12 verbose stack Error: Could not read package.json: Error: ENOENT: no such file or directory, open '/home/app/assurmoi/package.json'
12 verbose stack     at async open (node:internal/fs/promises:637:25)
12 verbose stack     at async readFile (node:internal/fs/promises:1269:14)
12 verbose stack     at async read (/usr/local/lib/node_modules/npm/node_modules/@npmcli/package-json/lib/read-package.js:9:18)
12 verbose stack     at async PackageJson.load (/usr/local/lib/node_modules/npm/node_modules/@npmcli/package-json/lib/index.js:131:31)
12 verbose stack     at async PackageJson.normalize (/usr/local/lib/node_modules/npm/node_modules/@npmcli/package-json/lib/index.js:117:5)
12 verbose stack     at async #run (/usr/local/lib/node_modules/npm/lib/commands/run.js:90:13)
12 verbose stack     at async RunScript.exec (/usr/local/lib/node_modules/npm/lib/commands/run.js:44:7)
12 verbose stack     at async Npm.exec (/usr/local/lib/node_modules/npm/lib/npm.js:208:9)
12 verbose stack     at async module.exports (/usr/local/lib/node_modules/npm/lib/cli/entry.js:67:5)
13 error code ENOENT
14 error syscall open
15 error path /home/app/assurmoi/package.json
16 error errno -2
17 error enoent Could not read package.json: Error: ENOENT: no such file or directory, open '/home/app/assurmoi/package.json'
18 error enoent This is related to npm not being able to find a file.
18 error enoent
19 verbose cwd /home/app/assurmoi
20 verbose os Linux 6.6.87.2-microsoft-standard-WSL2
21 verbose node v24.14.0
22 verbose npm  v11.9.0
23 verbose exit -2
24 verbose code -2
25 error A complete log of this run can be found in: /home/app/.npm/_logs/2026-03-23T09_52_09_267Z-debug-0.log
